<?xml version="1.0" encoding="UTF-8" ?>
<testsuite tests="14" failures="0" name="test.java.test.nz.ac.wgtn.swen301.assignment1.TestStudentManager" time="4.754" errors="0" skipped="0">
  <properties>
    <property name="java.runtime.name" value="Java(TM) SE Runtime Environment"/>
    <property name="java.vm.version" value="18+36-2087"/>
    <property name="sun.boot.library.path" value="C:\Maven\jdk-18\bin"/>
    <property name="maven.multiModuleProjectDirectory" value="C:\Users\haith\Desktop\SWEN301\assignment-1"/>
    <property name="java.vm.vendor" value="Oracle Corporation"/>
    <property name="java.vendor.url" value="https://java.oracle.com/"/>
    <property name="guice.disable.misplaced.annotation.check" value="true"/>
    <property name="path.separator" value=";"/>
    <property name="java.vm.name" value="Java HotSpot(TM) 64-Bit Server VM"/>
    <property name="sun.os.patch.level" value=""/>
    <property name="user.script" value=""/>
    <property name="user.country" value="NZ"/>
    <property name="sun.java.launcher" value="SUN_STANDARD"/>
    <property name="java.vm.specification.name" value="Java Virtual Machine Specification"/>
    <property name="user.dir" value="C:\Users\haith\Desktop\SWEN301\assignment-1"/>
    <property name="java.vm.compressedOopsMode" value="Zero based"/>
    <property name="java.runtime.version" value="18+36-2087"/>
    <property name="os.arch" value="amd64"/>
    <property name="java.io.tmpdir" value="C:\Users\haith\AppData\Local\Temp\"/>
    <property name="line.separator" value="
"/>
    <property name="java.vm.specification.vendor" value="Oracle Corporation"/>
    <property name="user.variant" value=""/>
    <property name="os.name" value="Windows 10"/>
    <property name="classworlds.conf" value="C:\Users\haith\Desktop\SWEN301\.metadata\.plugins\org.eclipse.m2e.launching\launches\m2conf13393087026190006157.tmp"/>
    <property name="sun.jnu.encoding" value="Cp1252"/>
    <property name="java.library.path" value="C:\Maven\jdk-18\bin;C:\WINDOWS\Sun\Java\bin;C:\WINDOWS\system32;C:\WINDOWS;C:/Users/haith/.p2/pool/plugins/org.eclipse.justj.openjdk.hotspot.jre.full.win32.x86_64_17.0.1.v20211116-1657/jre/bin/server;C:/Users/haith/.p2/pool/plugins/org.eclipse.justj.openjdk.hotspot.jre.full.win32.x86_64_17.0.1.v20211116-1657/jre/bin;C:\Program Files (x86)\Common Files\Oracle\Java\javapath;C:\Program Files (x86)\Razer Chroma SDK\bin;C:\Program Files\Razer Chroma SDK\bin;C:\Program Files (x86)\Razer\ChromaBroadcast\bin;C:\Program Files\Razer\ChromaBroadcast\bin;C:\WINDOWS\system32;C:\WINDOWS;C:\WINDOWS\System32\Wbem;C:\WINDOWS\System32\WindowsPowerShell\v1.0\;C:\WINDOWS\System32\OpenSSH\;C:\WINDOWS\system32\config\systemprofile\AppData\Local\Microsoft\WindowsApps;C:\Program Files (x86)\NVIDIA Corporation\PhysX\Common;C:\Program Files\NVIDIA Corporation\NVIDIA NvDLISR;C:\Program Files\Git\cmd;C:\Program Files (x86)\VietPN;C:\Maven\Maven\bin;C:\Derby\bin;C:\Program Files\MySQL\MySQL Shell 8.0\bin\;C:\Users\haith\AppData\Local\Microsoft\WindowsApps;C:\Maven\Maven\bin;C:\Maven\jdk-18\bin;C:\Derby\bin;;C:\Users\haith\eclipse\java-2021-09\eclipse;;."/>
    <property name="jdk.debug" value="release"/>
    <property name="java.class.version" value="62.0"/>
    <property name="java.specification.name" value="Java Platform API Specification"/>
    <property name="sun.management.compiler" value="HotSpot 64-Bit Tiered Compilers"/>
    <property name="os.version" value="10.0"/>
    <property name="user.home" value="C:\Users\haith"/>
    <property name="user.timezone" value="Pacific/Auckland"/>
    <property name="file.encoding" value="Cp1252"/>
    <property name="java.specification.version" value="18"/>
    <property name="user.name" value="haith"/>
    <property name="java.class.path" value="C:\Users\haith\.p2\pool\plugins\org.eclipse.m2e.maven.runtime_1.18.0.20210618-2246\jars\plexus-classworlds-2.6.0.jar"/>
    <property name="java.vm.specification.version" value="18"/>
    <property name="sun.arch.data.model" value="64"/>
    <property name="sun.java.command" value="org.codehaus.plexus.classworlds.launcher.Launcher -B install"/>
    <property name="java.home" value="C:\Maven\jdk-18"/>
    <property name="user.language" value="en"/>
    <property name="java.specification.vendor" value="Oracle Corporation"/>
    <property name="java.vm.info" value="mixed mode, sharing"/>
    <property name="java.version" value="18"/>
    <property name="native.encoding" value="Cp1252"/>
    <property name="java.vendor" value="Oracle Corporation"/>
    <property name="maven.home" value="C:\Users\haith\Desktop\SWEN301\assignment-1\EMBEDDED"/>
    <property name="file.separator" value="\"/>
    <property name="java.version.date" value="2022-03-22"/>
    <property name="java.vendor.url.bug" value="https://bugreport.java.com/bugreport/"/>
    <property name="sun.io.unicode.encoding" value="UnicodeLittle"/>
    <property name="sun.cpu.endian" value="little"/>
    <property name="sun.cpu.isalist" value="amd64"/>
  </properties>
  <testcase classname="test.java.test.nz.ac.wgtn.swen301.assignment1.TestStudentManager" name="testPerformance" time="2.039"/>
  <testcase classname="test.java.test.nz.ac.wgtn.swen301.assignment1.TestStudentManager" name="test_getAllDegree" time="0.234"/>
  <testcase classname="test.java.test.nz.ac.wgtn.swen301.assignment1.TestStudentManager" name="test_getAllStudent" time="0.239"/>
  <testcase classname="test.java.test.nz.ac.wgtn.swen301.assignment1.TestStudentManager" name="dummyTest" time="0.216"/>
  <testcase classname="test.java.test.nz.ac.wgtn.swen301.assignment1.TestStudentManager" name="test_readStudent1" time="0.207"/>
  <testcase classname="test.java.test.nz.ac.wgtn.swen301.assignment1.TestStudentManager" name="test_readStudent2" time="0.201"/>
  <testcase classname="test.java.test.nz.ac.wgtn.swen301.assignment1.TestStudentManager" name="test_readStudent3" time="0.226"/>
  <testcase classname="test.java.test.nz.ac.wgtn.swen301.assignment1.TestStudentManager" name="test_updateStudent1" time="0.204"/>
  <testcase classname="test.java.test.nz.ac.wgtn.swen301.assignment1.TestStudentManager" name="test_readDegree1" time="0.21"/>
  <testcase classname="test.java.test.nz.ac.wgtn.swen301.assignment1.TestStudentManager" name="test_readDegree2" time="0.203"/>
  <testcase classname="test.java.test.nz.ac.wgtn.swen301.assignment1.TestStudentManager" name="test_readDegree3" time="0.195"/>
  <testcase classname="test.java.test.nz.ac.wgtn.swen301.assignment1.TestStudentManager" name="wtest_writeStudent" time="0.191"/>
  <testcase classname="test.java.test.nz.ac.wgtn.swen301.assignment1.TestStudentManager" name="wtest_writeStudent1" time="0.193"/>
  <testcase classname="test.java.test.nz.ac.wgtn.swen301.assignment1.TestStudentManager" name="test_deleteStudent1" time="0.196"/>
</testsuite>